
 LIST ALL SELECTED COMPONENTS

    NAME                            TYPE      SUBCOMPONENTS

  INLET                             NODE
                                          471   483   501   518   530   539   542   550   551   552  
                                          553   554   555   556   557   558   559   560   561   562  
                                          563   564   565   566   567   568   569   570   571   572  
                                          573   574   575   576   577   578   579   580   581   582  
                                          583   584   585   586   587   588   589   590   591   592  
                                          593   594   595   596   1371  1383  1418  1430  1439  1442 
                                          1450  1453  1454  1455  1457  1458  1459  1460  1461  1462 
                                          1464  1465  1466  1467  1468  1469  1470  1471  1472  1473 
                                          1475  1476  1477  1478  1479  1480  1481  1482  1483  1484 
                                          1485  1486  1487  1488  1489  1490  1491  1492  1493  1494 
                                          1495  1496  2271  2283  2318  2330  2339  2342  2350  2353 
                                          2354  2355  2357  2358  2359  2360  2361  2362  2364  2365 
                                          2366  2367  2368  2369  2370  2371  2372  2373  2375  2376 
                                          2377  2378  2379  2380  2381  2382  2383  2384  2385  2386 
                                          2387  2388  2389  2390  2391  2392  2393  2394  2395  2396 
                                          3171  3183  3218  3230  3239  3242  3250  3253  3254  3255 
                                          3257  3258  3259  3260  3261  3262  3264  3265  3266  3267 
                                          3268  3269  3270  3271  3272  3273  3275  3276  3277  3278 
                                          3279  3280  3281  3282  3283  3284  3285  3286  3287  3288 

    NAME                            TYPE      SUBCOMPONENTS

  INLET                             NODE
                                          3289  3290  3291  3292  3293  3294  3295  3296  4071  4083 
                                          4118  4130  4139  4142  4150  4153  4154  4155  4157  4158 
                                          4159  4160  4161  4162  4164  4165  4166  4167  4168  4169 
                                          4170  4171  4172  4173  4175  4176  4177  4178  4179  4180 
                                          4181  4182  4183  4184  4185  4186  4187  4188  4189  4190 
                                          4191  4192  4193  4194  4195  4196  4971  4983  5018  5030 
                                          5039  5042  5050  5053  5054  5055  5057  5058  5059  5060 
                                          5061  5062  5064  5065  5066  5067  5068  5069  5070  5071 
                                          5072  5073  5075  5076  5077  5078  5079  5080  5081  5082 
                                          5083  5084  5085  5086  5087  5088  5089  5090  5091  5092 
                                          5093  5094  5095  5096  5871  5883  5918  5930  5939  5942 
                                          5950  5953  5954  5955  5957  5958  5959  5960  5961  5962 
                                          5964  5965  5966  5967  5968  5969  5970  5971  5972  5973 
                                          5975  5976  5977  5978  5979  5980  5981  5982  5983  5984 
                                          5985  5986  5987  5988  5989  5990  5991  5992  5993  5994 
                                          5995  5996  6771  6783  6818  6830  6839  6842  6850  6853 
                                          6854  6855  6857  6858  6859  6860  6861  6862  6864  6865 
                                          6866  6867  6868  6869  6870  6871  6872  6873  6875  6876 
                                          6877  6878  6879  6880  6881  6882  6883  6884  6885  6886 

    NAME                            TYPE      SUBCOMPONENTS

  INLET                             NODE
                                          6887  6888  6889  6890  6891  6892  6893  6894  6895  6896 
                                          7671  7683  7718  7730  7739  7742  7750  7753  7754  7755 
                                          7757  7758  7759  7760  7761  7762  7764  7765  7766  7767 
                                          7768  7769  7770  7771  7772  7773  7775  7776  7777  7778 
                                          7779  7780  7781  7782  7783  7784  7785  7786  7787  7788 
                                          7789  7790  7791  7792  7793  7794  7795  7796  8571  8583 
                                          8618  8630  8639  8642  8650  8653  8654  8655  8657  8658 
                                          8659  8660  8661  8662  8664  8665  8666  8667  8668  8669 
                                          8670  8671  8672  8673  8675  8676  8677  8678  8679  8680 
                                          8681  8682  8683  8684  8685  8686  8687  8688  8689  8690 
                                          8691  8692  8693  8694  8695  8696  9471  9483  9518  9530 
                                          9539  9542  9550  9553  9554  9555  9557  9558  9559  9560 
                                          9561  9562  9564  9565  9566  9567  9568  9569  9570  9571 
                                          9572  9573  9575  9576  9577  9578  9579  9580  9581  9582 
                                          9583  9584  9585  9586  9587  9588  9589  9590  9591  9592 
                                          9593  9594  9595  9596  10371 10418 10430 10439 10442 10450
                                          10453 10454 10455 10457 10458 10459 10460 10461 10462 10464
                                          10465 10466 10467 10468 10469 10470 10471 10472 10473 10475
                                          10478 10479 10480 10481 10482 10483 10484 10485 10487 10488

    NAME                            TYPE      SUBCOMPONENTS

  INLET                             NODE
                                          10489 10490 10491 10492 10494 10495

