
 LIST ALL SELECTED COMPONENTS

    NAME                            TYPE      SUBCOMPONENTS

  OUTLET                            NODE
                                          469   470   472   473   474   475   476   477   478   479  
                                          480   481   484   485   486   488   489   490   491   493  
                                          494   496   498   499   500   503   505   506   507   509  
                                          510   512   513   514   515   517   519   520   521   522  
                                          523   524   525   526   527   528   529   531   532   533  
                                          534   535   536   537   1370  1372  1374  1375  1377  1378 
                                          1379  1380  1381  1384  1386  1388  1389  1390  1391  1393 
                                          1394  1396  1398  1399  1400  1403  1406  1407  1409  1410 
                                          1412  1413  1414  1415  1417  1419  1420  1422  1423  1424 
                                          1425  1426  1427  1428  1429  1431  1432  1433  1434  1435 
                                          1436  1437  2270  2272  2274  2275  2277  2278  2279  2280 
                                          2281  2284  2286  2288  2289  2290  2291  2293  2294  2296 
                                          2298  2299  2300  2303  2306  2307  2309  2310  2312  2313 
                                          2314  2315  2317  2319  2320  2322  2323  2324  2325  2326 
                                          2327  2328  2329  2331  2332  2333  2334  2335  2336  2337 
                                          3170  3172  3174  3175  3177  3178  3179  3180  3181  3184 
                                          3186  3188  3189  3190  3191  3193  3194  3196  3198  3199 
                                          3200  3203  3206  3207  3209  3210  3212  3213  3214  3215 
                                          3217  3219  3220  3222  3223  3224  3225  3226  3227  3228 

    NAME                            TYPE      SUBCOMPONENTS

  OUTLET                            NODE
                                          3229  3231  3232  3233  3234  3235  3236  3237  4070  4072 
                                          4074  4075  4077  4078  4079  4080  4081  4084  4086  4088 
                                          4089  4090  4091  4093  4094  4096  4098  4099  4100  4103 
                                          4106  4107  4109  4110  4112  4113  4114  4115  4117  4119 
                                          4120  4122  4123  4124  4125  4126  4127  4128  4129  4131 
                                          4132  4133  4134  4135  4136  4137  4970  4972  4974  4975 
                                          4977  4978  4979  4980  4981  4984  4986  4988  4989  4990 
                                          4991  4993  4994  4996  4998  4999  5000  5003  5006  5007 
                                          5009  5010  5012  5013  5014  5015  5017  5019  5020  5022 
                                          5023  5024  5025  5026  5027  5028  5029  5031  5032  5033 
                                          5034  5035  5036  5037  5870  5872  5874  5875  5877  5878 
                                          5879  5880  5881  5884  5886  5888  5889  5890  5891  5893 
                                          5894  5896  5898  5899  5900  5903  5906  5907  5909  5910 
                                          5912  5913  5914  5915  5917  5919  5920  5922  5923  5924 
                                          5925  5926  5927  5928  5929  5931  5932  5933  5934  5935 
                                          5936  5937  6770  6772  6774  6775  6777  6778  6779  6780 
                                          6781  6784  6786  6788  6789  6790  6791  6793  6794  6796 
                                          6798  6799  6800  6803  6806  6807  6809  6810  6812  6813 
                                          6814  6815  6817  6819  6820  6822  6823  6824  6825  6826 

    NAME                            TYPE      SUBCOMPONENTS

  OUTLET                            NODE
                                          6827  6828  6829  6831  6832  6833  6834  6835  6836  6837 
                                          7670  7672  7674  7675  7677  7678  7679  7680  7681  7684 
                                          7686  7688  7689  7690  7691  7693  7694  7696  7698  7699 
                                          7700  7703  7706  7707  7709  7710  7712  7713  7714  7715 
                                          7717  7719  7720  7722  7723  7724  7725  7726  7727  7728 
                                          7729  7731  7732  7733  7734  7735  7736  7737  8570  8572 
                                          8574  8575  8577  8578  8579  8580  8581  8584  8586  8588 
                                          8589  8590  8591  8593  8594  8596  8598  8599  8600  8603 
                                          8606  8607  8609  8610  8612  8613  8614  8615  8617  8619 
                                          8620  8622  8623  8624  8625  8626  8627  8628  8629  8631 
                                          8632  8633  8634  8635  8636  8637  9470  9472  9474  9475 
                                          9477  9478  9479  9480  9481  9484  9486  9488  9489  9490 
                                          9491  9493  9494  9496  9498  9499  9500  9503  9506  9507 
                                          9509  9510  9512  9513  9514  9515  9517  9519  9520  9522 
                                          9523  9524  9525  9526  9527  9528  9529  9531  9532  9533 
                                          9534  9535  9536  9537  10370 10372 10374 10375 10377 10378
                                          10379 10380 10381 10384 10386 10388 10389 10390 10391 10393
                                          10394 10396 10399 10400 10403 10406 10410 10412 10413 10414
                                          10415 10417 10419 10420 10423 10424 10425 10426 10427 10428

    NAME                            TYPE      SUBCOMPONENTS

  OUTLET                            NODE
                                          10429 10431 10433 10434 10435 10437

