
 LIST ALL SELECTED COMPONENTS

    NAME                            TYPE      SUBCOMPONENTS

  RIM_IN                            NODE
                                          3483027 3483028 3483031 3483034 3483035 3483267 3483268 3483272 3483275 3483277
                                          3483278 3483404 3483405 3483408 3483411 3483413 3483414 3483433 3483436 3483437
                                          3483438 3483439 3483440 3483441 3483442 3483443 3483444 3483445 3483446 3483447
                                          3483448 3483449 3483450 3483451 3483452 3493027 3493031 3493034 3493035 3493267
                                          3493268 3493272 3493275 3493277 3493278 3493433 3493436 3493437 3493438 3493439
                                          3493440 3493441 3493442 3493443 3493444 3493445 3493446 3493447 3493448 3493449
                                          3493450 3493451 3493452 3503027 3503031 3503034 3503035 3503267 3503268 3503272
                                          3503275 3503277 3503278 3503433 3503436 3503437 3503438 3503439 3503440 3503441
                                          3503442 3503443 3503444 3503445 3503446 3503447 3503448 3503449 3503450 3503451
                                          3503452 3513027 3513031 3513034 3513035 3513267 3513268 3513272 3513275 3513277
                                          3513278 3513433 3513436 3513437 3513438 3513439 3513440 3513441 3513442 3513443
                                          3513444 3513445 3513446 3513447 3513448 3513449 3513450 3513451 3513452 3523027
                                          3523031 3523034 3523035 3523267 3523268 3523272 3523275 3523277 3523278 3523433
                                          3523436 3523437 3523438 3523439 3523440 3523441 3523442 3523443 3523444 3523445
                                          3523446 3523447 3523448 3523449 3523450 3523451 3523452 3533027 3533031 3533034
                                          3533035 3533267 3533268 3533272 3533275 3533277 3533278 3533433 3533436 3533437
                                          3533438 3533439 3533440 3533441 3533442 3533443 3533444 3533445 3533446 3533447
                                          3533448 3533449 3533450 3533451 3533452 3543027 3543031 3543034 3543035 3543267
                                          3543268 3543272 3543275 3543277 3543278 3543433 3543436 3543437 3543438 3543439

    NAME                            TYPE      SUBCOMPONENTS

  RIM_IN                            NODE
                                          3543440 3543441 3543442 3543443 3543444 3543445 3543446 3543447 3543448 3543449
                                          3543450 3543451 3543452 3553027 3553031 3553034 3553035 3553267 3553268 3553272
                                          3553275 3553277 3553278 3553433 3553436 3553437 3553438 3553439 3553440 3553441
                                          3553442 3553443 3553444 3553445 3553446 3553447 3553448 3553449 3553450 3553451
                                          3553452 3563027 3563031 3563034 3563035 3563267 3563268 3563272 3563275 3563277
                                          3563278 3563433 3563436 3563437 3563438 3563439 3563440 3563441 3563442 3563443
                                          3563444 3563445 3563446 3563447 3563448 3563449 3563450 3563451 3563452 3573027
                                          3573031 3573034 3573035 3573267 3573268 3573272 3573275 3573277 3573278 3573433
                                          3573436 3573437 3573438 3573439 3573440 3573441 3573442 3573443 3573444 3573445
                                          3573446 3573447 3573448 3573449 3573450 3573451 3573452 3583027 3583031 3583034
                                          3583035 3583267 3583268 3583272 3583275 3583277 3583278 3583433 3583436 3583437
                                          3583438 3583439 3583440 3583441 3583442 3583443 3583444 3583445 3583446 3583447
                                          3583448 3583449 3583450 3583451 3583452 3593027 3593031 3593034 3593035 3593267
                                          3593268 3593272 3593275 3593277 3593278 3593433 3593436 3593437 3593438 3593439
                                          3593440 3593441 3593442 3593443 3593444 3593445 3593446 3593447 3593448 3593449
                                          3593450 3593451 3593452 3603027 3603031 3603034 3603035 3603267 3603268 3603272
                                          3603275 3603277 3603278 3603433 3603436 3603437 3603438 3603439 3603440 3603441
                                          3603442 3603443 3603444 3603445 3603446 3603447 3603448 3603449 3603450 3603451
                                          3603452 3613027 3613031 3613034 3613035 3613267 3613268 3613272 3613275 3613277

    NAME                            TYPE      SUBCOMPONENTS

  RIM_IN                            NODE
                                          3613278 3613433 3613436 3613437 3613438 3613439 3613440 3613441 3613442 3613443
                                          3613444 3613445 3613446 3613447 3613448 3613449 3613450 3613451 3613452 3623027
                                          3623031 3623034 3623035 3623267 3623268 3623272 3623275 3623277 3623278 3623433
                                          3623436 3623437 3623438 3623439 3623440 3623441 3623442 3623443 3623444 3623445
                                          3623446 3623447 3623448 3623449 3623450 3623451 3623452 3633027 3633031 3633034
                                          3633035 3633267 3633268 3633272 3633275 3633277 3633278 3633433 3633436 3633437
                                          3633438 3633439 3633440 3633441 3633442 3633443 3633444 3633445 3633446 3633447
                                          3633448 3633449 3633450 3633451 3633452 3643027 3643031 3643034 3643035 3643267
                                          3643268 3643272 3643275 3643277 3643278 3643433 3643436 3643437 3643438 3643439
                                          3643440 3643441 3643442 3643443 3643444 3643445 3643446 3643447 3643448 3643449
                                          3643450 3643451 3643452 3653027 3653031 3653034 3653035 3653267 3653268 3653272
                                          3653275 3653277 3653278 3653433 3653436 3653437 3653438 3653439 3653440 3653441
                                          3653442 3653443 3653444 3653445 3653446 3653447 3653448 3653449 3653450 3653451
                                          3653452 3663027 3663031 3663034 3663035 3663267 3663268 3663272 3663275 3663277
                                          3663278 3663433 3663436 3663437 3663438 3663439 3663440 3663441 3663442 3663443
                                          3663444 3663445 3663446 3663447 3663448 3663449 3663450 3663451 3663452 3673027
                                          3673031 3673034 3673035 3673267 3673268 3673272 3673275 3673277 3673278 3673433
                                          3673436 3673437 3673438 3673439 3673440 3673441 3673442 3673443 3673444 3673445
                                          3673446 3673447 3673448 3673449 3673450 3673451 3673452 3683027 3683031 3683034

    NAME                            TYPE      SUBCOMPONENTS

  RIM_IN                            NODE
                                          3683035 3683267 3683268 3683272 3683275 3683277 3683278 3683433 3683436 3683437
                                          3683438 3683439 3683440 3683441 3683442 3683443 3683444 3683445 3683446 3683447
                                          3683448 3683449 3683450 3683451 3683452 3693027 3693031 3693034 3693035 3693267
                                          3693268 3693272 3693275 3693277 3693278 3693433 3693436 3693437 3693438 3693439
                                          3693440 3693441 3693442 3693443 3693444 3693445 3693446 3693447 3693448 3693449
                                          3693450 3693451 3693452 3703027 3703031 3703034 3703035 3703267 3703268 3703272
                                          3703275 3703277 3703278 3703433 3703436 3703437 3703438 3703439 3703440 3703441
                                          3703442 3703443 3703444 3703445 3703446 3703447 3703448 3703449 3703450 3703451
                                          3703452 3713027 3713031 3713034 3713035 3713267 3713268 3713272 3713275 3713277
                                          3713278 3713433 3713436 3713437 3713438 3713439 3713440 3713441 3713442 3713443
                                          3713444 3713445 3713446 3713447 3713448 3713449 3713450 3713451 3713452 3723027
                                          3723031 3723034 3723035 3723267 3723268 3723272 3723275 3723277 3723278 3723433
                                          3723436 3723437 3723438 3723439 3723440 3723441 3723442 3723443 3723444 3723445
                                          3723446 3723447 3723448 3723449 3723450 3723451 3723452 3733027 3733031 3733034
                                          3733035 3733267 3733268 3733272 3733275 3733277 3733278 3733433 3733436 3733437
                                          3733438 3733439 3733440 3733441 3733442 3733443 3733444 3733445 3733446 3733447
                                          3733448 3733449 3733450 3733451 3733452 3743027 3743031 3743034 3743035 3743267
                                          3743268 3743272 3743275 3743277 3743278 3743433 3743436 3743437 3743438 3743439
                                          3743440 3743441 3743442 3743443 3743444 3743445 3743446 3743447 3743448 3743449

    NAME                            TYPE      SUBCOMPONENTS

  RIM_IN                            NODE
                                          3743450 3743451 3743452 3753027 3753031 3753034 3753035 3753267 3753268 3753272
                                          3753275 3753277 3753278 3753433 3753436 3753437 3753438 3753439 3753440 3753441
                                          3753442 3753443 3753444 3753445 3753446 3753447 3753448 3753449 3753450 3753451
                                          3753452 3763027 3763031 3763034 3763035 3763267 3763268 3763272 3763275 3763277
                                          3763278 3763433 3763436 3763437 3763438 3763439 3763440 3763441 3763442 3763443
                                          3763444 3763445 3763446 3763447 3763448 3763449 3763450 3763451 3763452 3773027
                                          3773031 3773034 3773035 3773267 3773268 3773272 3773275 3773277 3773278 3773433
                                          3773436 3773437 3773438 3773439 3773440 3773441 3773442 3773443 3773444 3773445
                                          3773446 3773447 3773448 3773449 3773450 3773451 3773452 3783027 3783031 3783034
                                          3783035 3783267 3783268 3783272 3783275 3783277 3783278 3783433 3783436 3783437
                                          3783438 3783439 3783440 3783441 3783442 3783443 3783444 3783445 3783446 3783447
                                          3783448 3783449 3783450 3783451 3783452 3793027 3793031 3793034 3793035 3793267
                                          3793268 3793272 3793275 3793277 3793278 3793433 3793436 3793437 3793438 3793439
                                          3793440 3793441 3793442 3793443 3793444 3793445 3793446 3793447 3793448 3793449
                                          3793450 3793451 3793452 3803027 3803031 3803034 3803035 3803267 3803268 3803272
                                          3803275 3803277 3803278 3803433 3803436 3803437 3803438 3803439 3803440 3803441
                                          3803442 3803443 3803444 3803445 3803446 3803447 3803448 3803449 3803450 3803451
                                          3803452 3813027 3813031 3813034 3813035 3813267 3813268 3813272 3813275 3813277
                                          3813278 3813433 3813436 3813437 3813438 3813439 3813440 3813441 3813442 3813443

    NAME                            TYPE      SUBCOMPONENTS

  RIM_IN                            NODE
                                          3813444 3813445 3813446 3813447 3813448 3813449 3813450 3813451 3813452 3823027
                                          3823031 3823034 3823035 3823267 3823268 3823272 3823275 3823277 3823278 3823433
                                          3823436 3823437 3823438 3823439 3823440 3823441 3823442 3823443 3823444 3823445
                                          3823446 3823447 3823448 3823449 3823450 3823451 3823452 3833027 3833031 3833034
                                          3833035 3833267 3833268 3833272 3833275 3833277 3833278 3833433 3833436 3833437
                                          3833438 3833439 3833440 3833441 3833442 3833443 3833444 3833445 3833446 3833447
                                          3833448 3833449 3833450 3833451 3833452 3843027 3843031 3843034 3843035 3843267
                                          3843268 3843272 3843275 3843277 3843278 3843433 3843436 3843437 3843438 3843439
                                          3843440 3843441 3843442 3843443 3843444 3843445 3843446 3843447 3843448 3843449
                                          3843450 3843451 3843452 3853027 3853031 3853034 3853035 3853267 3853268 3853272
                                          3853275 3853277 3853278 3853433 3853436 3853437 3853438 3853439 3853440 3853441
                                          3853442 3853443 3853444 3853445 3853446 3853447 3853448 3853449 3853450 3853451
                                          3853452 3863027 3863031 3863034 3863035 3863267 3863268 3863272 3863275 3863277
                                          3863278 3863433 3863436 3863437 3863438 3863439 3863440 3863441 3863442 3863443
                                          3863444 3863445 3863446 3863447 3863448 3863449 3863450 3863451 3863452 3873027
                                          3873031 3873034 3873035 3873267 3873268 3873272 3873275 3873277 3873278 3873433
                                          3873436 3873437 3873438 3873439 3873440 3873441 3873442 3873443 3873444 3873445
                                          3873446 3873447 3873448 3873449 3873450 3873451 3873452 3883027 3883031 3883034
                                          3883035 3883267 3883268 3883272 3883275 3883277 3883278 3883433 3883436 3883437

    NAME                            TYPE      SUBCOMPONENTS

  RIM_IN                            NODE
                                          3883438 3883439 3883440 3883441 3883442 3883443 3883444 3883445 3883446 3883447
                                          3883448 3883449 3883450 3883451 3883452 3893027 3893031 3893034 3893035 3893267
                                          3893268 3893272 3893275 3893277 3893278 3893433 3893436 3893437 3893438 3893439
                                          3893440 3893441 3893442 3893443 3893444 3893445 3893446 3893447 3893448 3893449
                                          3893450 3893451 3893452 3903027 3903031 3903034 3903035 3903267 3903268 3903272
                                          3903275 3903277 3903278 3903433 3903436 3903437 3903438 3903439 3903440 3903441
                                          3903442 3903443 3903444 3903445 3903446 3903447 3903448 3903449 3903450 3903451
                                          3903452 3913027 3913031 3913034 3913035 3913267 3913268 3913272 3913275 3913277
                                          3913278 3913433 3913436 3913437 3913438 3913439 3913440 3913441 3913442 3913443
                                          3913444 3913445 3913446 3913447 3913448 3913449 3913450 3913451 3913452 3923027
                                          3923031 3923034 3923035 3923267 3923268 3923272 3923275 3923277 3923278 3923433
                                          3923436 3923437 3923438 3923439 3923440 3923441 3923442 3923443 3923444 3923445
                                          3923446 3923447 3923448 3923449 3923450 3923451 3923452 3933027 3933031 3933034
                                          3933035 3933267 3933268 3933272 3933275 3933277 3933278 3933433 3933436 3933437
                                          3933438 3933439 3933440 3933441 3933442 3933443 3933444 3933445 3933446 3933447
                                          3933448 3933449 3933450 3933451 3933452 3943027 3943031 3943034 3943035 3943267
                                          3943268 3943272 3943275 3943277 3943278 3943433 3943436 3943437 3943438 3943439
                                          3943440 3943441 3943442 3943443 3943444 3943445 3943446 3943447 3943448 3943449
                                          3943450 3943451 3943452 3953027 3953031 3953034 3953035 3953267 3953268 3953272

    NAME                            TYPE      SUBCOMPONENTS

  RIM_IN                            NODE
                                          3953275 3953277 3953278 3953433 3953436 3953437 3953438 3953439 3953440 3953441
                                          3953442 3953443 3953444 3953445 3953446 3953447 3953448 3953449 3953450 3953451
                                          3953452 3963027 3963031 3963034 3963035 3963267 3963268 3963272 3963275 3963277
                                          3963278 3963433 3963436 3963437 3963438 3963439 3963440 3963441 3963442 3963443
                                          3963444 3963445 3963446 3963447 3963448 3963449 3963450 3963451 3963452 3973027
                                          3973031 3973034 3973035 3973267 3973268 3973272 3973275 3973277 3973278 3973433
                                          3973436 3973437 3973438 3973439 3973440 3973441 3973442 3973443 3973444 3973445
                                          3973446 3973447 3973448 3973449 3973450 3973451 3973452 3983027 3983031 3983034
                                          3983035 3983267 3983268 3983272 3983275 3983277 3983278 3983433 3983436 3983437
                                          3983438 3983439 3983440 3983441 3983442 3983443 3983444 3983445 3983446 3983447
                                          3983448 3983449 3983450 3983451 3983452 3993027 3993031 3993034 3993035 3993267
                                          3993268 3993272 3993275 3993277 3993278 3993433 3993436 3993437 3993438 3993439
                                          3993440 3993441 3993442 3993443 3993444 3993445 3993446 3993447 3993448 3993449
                                          3993450 3993451 3993452 4003027 4003031 4003034 4003035 4003267 4003268 4003272
                                          4003275 4003277 4003278 4003433 4003436 4003437 4003438 4003439 4003440 4003441
                                          4003442 4003443 4003444 4003445 4003446 4003447 4003448 4003449 4003450 4003451
                                          4003452 4013027 4013031 4013034 4013035 4013267 4013268 4013272 4013275 4013277
                                          4013278 4013433 4013436 4013437 4013438 4013439 4013440 4013441 4013442 4013443
                                          4013444 4013445 4013446 4013447 4013448 4013449 4013450 4013451 4013452 4023027

    NAME                            TYPE      SUBCOMPONENTS

  RIM_IN                            NODE
                                          4023031 4023034 4023035 4023267 4023268 4023272 4023275 4023277 4023278 4023433
                                          4023436 4023437 4023438 4023439 4023440 4023441 4023442 4023443 4023444 4023445
                                          4023446 4023447 4023448 4023449 4023450 4023451 4023452 4033027 4033031 4033034
                                          4033035 4033267 4033268 4033272 4033275 4033277 4033278 4033433 4033436 4033437
                                          4033438 4033439 4033440 4033441 4033442 4033443 4033444 4033445 4033446 4033447
                                          4033448 4033449 4033450 4033451 4033452 4043027 4043031 4043034 4043035 4043267
                                          4043268 4043272 4043275 4043277 4043278 4043433 4043436 4043437 4043438 4043439
                                          4043440 4043441 4043442 4043443 4043444 4043445 4043446 4043447 4043448 4043449
                                          4043450 4043451 4043452 4053027 4053031 4053034 4053035 4053267 4053268 4053272
                                          4053275 4053277 4053278 4053433 4053436 4053437 4053438 4053439 4053440 4053441
                                          4053442 4053443 4053444 4053445 4053446 4053447 4053448 4053449 4053450 4053451
                                          4053452 4063027 4063031 4063034 4063035 4063267 4063268 4063272 4063275 4063277
                                          4063278 4063433 4063436 4063437 4063438 4063439 4063440 4063441 4063442 4063443
                                          4063444 4063445 4063446 4063447 4063448 4063449 4063450 4063451 4063452 4073027
                                          4073031 4073034 4073035 4073267 4073268 4073272 4073275 4073277 4073278 4073433
                                          4073436 4073437 4073438 4073439 4073440 4073441 4073442 4073443 4073444 4073445
                                          4073446 4073447 4073448 4073449 4073450 4073451 4073452 4083027 4083031 4083034
                                          4083035 4083267 4083268 4083272 4083275 4083277 4083278 4083433 4083436 4083437
                                          4083438 4083439 4083440 4083441 4083442 4083443 4083444 4083445 4083446 4083447

    NAME                            TYPE      SUBCOMPONENTS

  RIM_IN                            NODE
                                          4083448 4083449 4083450 4083451 4083452 4093027 4093031 4093034 4093035 4093267
                                          4093268 4093272 4093275 4093277 4093278 4093433 4093436 4093437 4093438 4093439
                                          4093440 4093441 4093442 4093443 4093444 4093445 4093446 4093447 4093448 4093449
                                          4093450 4093451 4093452 4103027 4103031 4103034 4103035 4103267 4103268 4103272
                                          4103275 4103277 4103278 4103433 4103436 4103437 4103438 4103439 4103440 4103441
                                          4103442 4103443 4103444 4103445 4103446 4103447 4103448 4103449 4103450 4103451
                                          4103452 4113027 4113031 4113034 4113035 4113267 4113268 4113272 4113275 4113277
                                          4113278 4113433 4113436 4113437 4113438 4113439 4113440 4113441 4113442 4113443
                                          4113444 4113445 4113446 4113447 4113448 4113449 4113450 4113451 4113452 4123027
                                          4123031 4123034 4123035 4123267 4123268 4123272 4123275 4123277 4123278 4123433
                                          4123436 4123437 4123438 4123439 4123440 4123441 4123442 4123443 4123444 4123445
                                          4123446 4123447 4123448 4123449 4123450 4123451 4123452 4133027 4133031 4133034
                                          4133035 4133267 4133268 4133272 4133275 4133277 4133278 4133433 4133436 4133437
                                          4133438 4133439 4133440 4133441 4133442 4133443 4133444 4133445 4133446 4133447
                                          4133448 4133449 4133450 4133451 4133452 4143027 4143031 4143034 4143035 4143267
                                          4143268 4143272 4143275 4143277 4143278 4143433 4143436 4143437 4143438 4143439
                                          4143440 4143441 4143442 4143443 4143444 4143445 4143446 4143447 4143448 4143449
                                          4143450 4143451 4143452 4153027 4153031 4153034 4153035 4153267 4153268 4153272
                                          4153275 4153277 4153278 4153433 4153436 4153437 4153438 4153439 4153440 4153441

    NAME                            TYPE      SUBCOMPONENTS

  RIM_IN                            NODE
                                          4153442 4153443 4153444 4153445 4153446 4153447 4153448 4153449 4153450 4153451
                                          4153452 4163027 4163031 4163034 4163035 4163267 4163268 4163272 4163275 4163277
                                          4163278 4163433 4163436 4163437 4163438 4163439 4163440 4163441 4163442 4163443
                                          4163444 4163445 4163446 4163447 4163448 4163449 4163450 4163451 4163452 4173027
                                          4173031 4173034 4173433 4173436 4173437 4173438 4173439 4173440 4173441 4173442
                                          4173443 4173444 4173445 4173446 4173447 4173448 4173449 4173450 4173451 4173452

