
 LIST ALL SELECTED COMPONENTS

    NAME                            TYPE      SUBCOMPONENTS

  RIM_OUT                           NODE
                                          3482823 3482824 3482837 3482849 3482860 3482869 3482876 3482882 3482886 3482888
                                          3482939 3482953 3482967 3482979 3482990 3483216 3483453 3483458 3483460 3483715
                                          3486261 3486262 3486263 3486264 3486265 3486266 3486267 3486268 3492939 3492953
                                          3492967 3492979 3492990 3493216 3493453 3493458 3493460 3493715 3496261 3496262
                                          3496263 3496264 3496265 3496266 3496267 3496268 3502939 3502953 3502967 3502979
                                          3502990 3503216 3503453 3503458 3503460 3503715 3506261 3506262 3506263 3506264
                                          3506265 3506266 3506267 3506268 3512939 3512953 3512967 3512979 3512990 3513216
                                          3513453 3513458 3513460 3513715 3516261 3516262 3516263 3516264 3516265 3516266
                                          3516267 3516268 3522939 3522953 3522967 3522979 3522990 3523216 3523453 3523458
                                          3523460 3523715 3526261 3526262 3526263 3526264 3526265 3526266 3526267 3526268
                                          3532939 3532953 3532967 3532979 3532990 3533216 3533453 3533458 3533460 3533715
                                          3536261 3536262 3536263 3536264 3536265 3536266 3536267 3536268 3542939 3542953
                                          3542967 3542979 3542990 3543216 3543453 3543458 3543460 3543715 3546261 3546262
                                          3546263 3546264 3546265 3546266 3546267 3546268 3552939 3552953 3552967 3552979
                                          3552990 3553216 3553453 3553458 3553460 3553715 3556261 3556262 3556263 3556264
                                          3556265 3556266 3556267 3556268 3562939 3562953 3562967 3562979 3562990 3563216
                                          3563453 3563458 3563460 3563715 3566261 3566262 3566263 3566264 3566265 3566266
                                          3566267 3566268 3572939 3572953 3572967 3572979 3572990 3573216 3573453 3573458
                                          3573460 3573715 3576261 3576262 3576263 3576264 3576265 3576266 3576267 3576268

    NAME                            TYPE      SUBCOMPONENTS

  RIM_OUT                           NODE
                                          3582939 3582953 3582967 3582979 3582990 3583216 3583453 3583458 3583460 3583715
                                          3586261 3586262 3586263 3586264 3586265 3586266 3586267 3586268 3592939 3592953
                                          3592967 3592979 3592990 3593216 3593453 3593458 3593460 3593715 3596261 3596262
                                          3596263 3596264 3596265 3596266 3596267 3596268 3602939 3602953 3602967 3602979
                                          3602990 3603216 3603453 3603458 3603460 3603715 3606261 3606262 3606263 3606264
                                          3606265 3606266 3606267 3606268 3612939 3612953 3612967 3612979 3612990 3613216
                                          3613453 3613458 3613460 3613715 3616261 3616262 3616263 3616264 3616265 3616266
                                          3616267 3616268 3622939 3622953 3622967 3622979 3622990 3623216 3623453 3623458
                                          3623460 3623715 3626261 3626262 3626263 3626264 3626265 3626266 3626267 3626268
                                          3632939 3632953 3632967 3632979 3632990 3633216 3633453 3633458 3633460 3633715
                                          3636261 3636262 3636263 3636264 3636265 3636266 3636267 3636268 3642939 3642953
                                          3642967 3642979 3642990 3643216 3643453 3643458 3643460 3643715 3646261 3646262
                                          3646263 3646264 3646265 3646266 3646267 3646268 3652939 3652953 3652967 3652979
                                          3652990 3653216 3653453 3653458 3653460 3653715 3656261 3656262 3656263 3656264
                                          3656265 3656266 3656267 3656268 3662939 3662953 3662967 3662979 3662990 3663216
                                          3663453 3663458 3663460 3663715 3666261 3666262 3666263 3666264 3666265 3666266
                                          3666267 3666268 3672939 3672953 3672967 3672979 3672990 3673216 3673453 3673458
                                          3673460 3673715 3676261 3676262 3676263 3676264 3676265 3676266 3676267 3676268
                                          3682939 3682953 3682967 3682979 3682990 3683216 3683453 3683458 3683460 3683715

    NAME                            TYPE      SUBCOMPONENTS

  RIM_OUT                           NODE
                                          3686261 3686262 3686263 3686264 3686265 3686266 3686267 3686268 3692939 3692953
                                          3692967 3692979 3692990 3693216 3693453 3693458 3693460 3693715 3696261 3696262
                                          3696263 3696264 3696265 3696266 3696267 3696268 3702939 3702953 3702967 3702979
                                          3702990 3703216 3703453 3703458 3703460 3703715 3706261 3706262 3706263 3706264
                                          3706265 3706266 3706267 3706268 3712939 3712953 3712967 3712979 3712990 3713216
                                          3713453 3713458 3713460 3713715 3716261 3716262 3716263 3716264 3716265 3716266
                                          3716267 3716268 3722939 3722953 3722967 3722979 3722990 3723216 3723453 3723458
                                          3723460 3723715 3726261 3726262 3726263 3726264 3726265 3726266 3726267 3726268
                                          3732939 3732953 3732967 3732979 3732990 3733216 3733453 3733458 3733460 3733715
                                          3736261 3736262 3736263 3736264 3736265 3736266 3736267 3736268 3742939 3742953
                                          3742967 3742979 3742990 3743216 3743453 3743458 3743460 3743715 3746261 3746262
                                          3746263 3746264 3746265 3746266 3746267 3746268 3752939 3752953 3752967 3752979
                                          3752990 3753216 3753453 3753458 3753460 3753715 3756261 3756262 3756263 3756264
                                          3756265 3756266 3756267 3756268 3762939 3762953 3762967 3762979 3762990 3763216
                                          3763453 3763458 3763460 3763715 3766261 3766262 3766263 3766264 3766265 3766266
                                          3766267 3766268 3772939 3772953 3772967 3772979 3772990 3773216 3773453 3773458
                                          3773460 3773715 3776261 3776262 3776263 3776264 3776265 3776266 3776267 3776268
                                          3782939 3782953 3782967 3782979 3782990 3783216 3783453 3783458 3783460 3783715
                                          3786261 3786262 3786263 3786264 3786265 3786266 3786267 3786268 3792939 3792953

    NAME                            TYPE      SUBCOMPONENTS

  RIM_OUT                           NODE
                                          3792967 3792979 3792990 3793216 3793453 3793458 3793460 3793715 3796261 3796262
                                          3796263 3796264 3796265 3796266 3796267 3796268 3802939 3802953 3802967 3802979
                                          3802990 3803216 3803453 3803458 3803460 3803715 3806261 3806262 3806263 3806264
                                          3806265 3806266 3806267 3806268 3812939 3812953 3812967 3812979 3812990 3813216
                                          3813453 3813458 3813460 3813715 3816261 3816262 3816263 3816264 3816265 3816266
                                          3816267 3816268 3822939 3822953 3822967 3822979 3822990 3823216 3823453 3823458
                                          3823460 3823715 3826261 3826262 3826263 3826264 3826265 3826266 3826267 3826268
                                          3832939 3832953 3832967 3832979 3832990 3833216 3833453 3833458 3833460 3833715
                                          3836261 3836262 3836263 3836264 3836265 3836266 3836267 3836268 3842939 3842953
                                          3842967 3842979 3842990 3843216 3843453 3843458 3843460 3843715 3846261 3846262
                                          3846263 3846264 3846265 3846266 3846267 3846268 3852939 3852953 3852967 3852979
                                          3852990 3853216 3853453 3853458 3853460 3853715 3856261 3856262 3856263 3856264
                                          3856265 3856266 3856267 3856268 3862939 3862953 3862967 3862979 3862990 3863216
                                          3863453 3863458 3863460 3863715 3866261 3866262 3866263 3866264 3866265 3866266
                                          3866267 3866268 3872939 3872953 3872967 3872979 3872990 3873216 3873453 3873458
                                          3873460 3873715 3876261 3876262 3876263 3876264 3876265 3876266 3876267 3876268
                                          3882939 3882953 3882967 3882979 3882990 3883216 3883453 3883458 3883460 3883715
                                          3886261 3886262 3886263 3886264 3886265 3886266 3886267 3886268 3892939 3892953
                                          3892967 3892979 3892990 3893216 3893453 3893458 3893460 3893715 3896261 3896262

    NAME                            TYPE      SUBCOMPONENTS

  RIM_OUT                           NODE
                                          3896263 3896264 3896265 3896266 3896267 3896268 3902939 3902953 3902967 3902979
                                          3902990 3903216 3903453 3903458 3903460 3903715 3906261 3906262 3906263 3906264
                                          3906265 3906266 3906267 3906268 3912939 3912953 3912967 3912979 3912990 3913216
                                          3913453 3913458 3913460 3913715 3916261 3916262 3916263 3916264 3916265 3916266
                                          3916267 3916268 3922939 3922953 3922967 3922979 3922990 3923216 3923453 3923458
                                          3923460 3923715 3926261 3926262 3926263 3926264 3926265 3926266 3926267 3926268
                                          3932939 3932953 3932967 3932979 3932990 3933216 3933453 3933458 3933460 3933715
                                          3936261 3936262 3936263 3936264 3936265 3936266 3936267 3936268 3942939 3942953
                                          3942967 3942979 3942990 3943216 3943453 3943458 3943460 3943715 3946261 3946262
                                          3946263 3946264 3946265 3946266 3946267 3946268 3952939 3952953 3952967 3952979
                                          3952990 3953216 3953453 3953458 3953460 3953715 3956261 3956262 3956263 3956264
                                          3956265 3956266 3956267 3956268 3962939 3962953 3962967 3962979 3962990 3963216
                                          3963453 3963458 3963460 3963715 3966261 3966262 3966263 3966264 3966265 3966266
                                          3966267 3966268 3972939 3972953 3972967 3972979 3972990 3973216 3973453 3973458
                                          3973460 3973715 3976261 3976262 3976263 3976264 3976265 3976266 3976267 3976268
                                          3982939 3982953 3982967 3982979 3982990 3983216 3983453 3983458 3983460 3983715
                                          3986261 3986262 3986263 3986264 3986265 3986266 3986267 3986268 3992939 3992953
                                          3992967 3992979 3992990 3993216 3993453 3993458 3993460 3993715 3996261 3996262
                                          3996263 3996264 3996265 3996266 3996267 3996268 4002939 4002953 4002967 4002979

    NAME                            TYPE      SUBCOMPONENTS

  RIM_OUT                           NODE
                                          4002990 4003216 4003453 4003458 4003460 4003715 4006261 4006262 4006263 4006264
                                          4006265 4006266 4006267 4006268 4012939 4012953 4012967 4012979 4012990 4013216
                                          4013453 4013458 4013460 4013715 4016261 4016262 4016263 4016264 4016265 4016266
                                          4016267 4016268 4022939 4022953 4022967 4022979 4022990 4023216 4023453 4023458
                                          4023460 4023715 4026261 4026262 4026263 4026264 4026265 4026266 4026267 4026268
                                          4032939 4032953 4032967 4032979 4032990 4033216 4033453 4033458 4033460 4033715
                                          4036261 4036262 4036263 4036264 4036265 4036266 4036267 4036268 4042939 4042953
                                          4042967 4042979 4042990 4043216 4043453 4043458 4043460 4043715 4046261 4046262
                                          4046263 4046264 4046265 4046266 4046267 4046268 4052939 4052953 4052967 4052979
                                          4052990 4053216 4053453 4053458 4053460 4053715 4056261 4056262 4056263 4056264
                                          4056265 4056266 4056267 4056268 4062939 4062953 4062967 4062979 4062990 4063216
                                          4063453 4063458 4063460 4063715 4066261 4066262 4066263 4066264 4066265 4066266
                                          4066267 4066268 4072939 4072953 4072967 4072979 4072990 4073216 4073453 4073458
                                          4073460 4073715 4076261 4076262 4076263 4076264 4076265 4076266 4076267 4076268
                                          4082939 4082953 4082967 4082979 4082990 4083216 4083453 4083458 4083460 4083715
                                          4086261 4086262 4086263 4086264 4086265 4086266 4086267 4086268 4092939 4092953
                                          4092967 4092979 4092990 4093216 4093453 4093458 4093460 4093715 4096261 4096262
                                          4096263 4096264 4096265 4096266 4096267 4096268 4102939 4102953 4102967 4102979
                                          4102990 4103216 4103453 4103458 4103460 4103715 4106261 4106262 4106263 4106264

    NAME                            TYPE      SUBCOMPONENTS

  RIM_OUT                           NODE
                                          4106265 4106266 4106267 4106268 4112939 4112953 4112967 4112979 4112990 4113216
                                          4113453 4113458 4113460 4113715 4116261 4116262 4116263 4116264 4116265 4116266
                                          4116267 4116268 4122939 4122953 4122967 4122979 4122990 4123216 4123453 4123458
                                          4123460 4123715 4126261 4126262 4126263 4126264 4126265 4126266 4126267 4126268
                                          4132939 4132953 4132967 4132979 4132990 4133216 4133453 4133458 4133460 4133715
                                          4136261 4136262 4136263 4136264 4136265 4136266 4136267 4136268 4142939 4142953
                                          4142967 4142979 4142990 4143216 4143453 4143458 4143460 4143715 4146261 4146262
                                          4146263 4146264 4146265 4146266 4146267 4146268 4152939 4152953 4152967 4152979
                                          4152990 4153216 4153453 4153458 4153460 4153715 4156261 4156262 4156263 4156264
                                          4156265 4156266 4156267 4156268 4162939 4162953 4162967 4162979 4162990 4163216
                                          4163453 4163458 4163460 4163715 4166261 4166262 4166263 4166264 4166265 4166266
                                          4166267 4166268 4173715 4176261 4176262 4176263 4176264 4176265 4176266 4176267
                                          4176268

